{
  "stats": {
    "suites": 1,
    "tests": 3,
    "passes": 3,
    "pending": 0,
    "failures": 0,
    "start": "2019-10-02T15:17:40.637Z",
    "end": "2019-10-02T15:17:46.699Z",
    "duration": 6062,
    "testsRegistered": 3,
    "passPercent": 100,
    "pendingPercent": 0,
    "other": 0,
    "hasOther": false,
    "skipped": 0,
    "hasSkipped": false,
    "passPercentClass": "success",
    "pendingPercentClass": "danger"
  },
  "suites": {
    "uuid": "eb1748ba-2d20-449c-89ae-5d743c2f1b8d",
    "title": "",
    "fullFile": "",
    "file": "",
    "beforeHooks": [],
    "afterHooks": [],
    "tests": [],
    "suites": [
      {
        "uuid": "74259556-5f5d-4d49-ad38-29ed010214b1",
        "title": "Studwork",
        "fullFile": "/home/igor/WebstormProjects/sw_test/test_cases/sw_test.js",
        "file": "/test_cases/sw_test.js",
        "beforeHooks": [
          {
            "title": "\"before all\" hook: codeceptjs.beforeSuite",
            "fullTitle": "Studwork \"before all\" hook: codeceptjs.beforeSuite",
            "timedOut": false,
            "duration": 0,
            "pass": false,
            "fail": false,
            "pending": false,
            "code": "scenario.suiteSetup(suite)",
            "err": {},
            "isRoot": false,
            "uuid": "679c3efe-ca7b-4df7-a9d8-f9ada995f259",
            "isHook": true,
            "skipped": false
          },
          {
            "title": "\"before each\" hook: codeceptjs.before",
            "fullTitle": "Studwork \"before each\" hook: codeceptjs.before",
            "timedOut": false,
            "duration": 633,
            "pass": false,
            "fail": false,
            "pending": false,
            "code": "scenario.setup(suite)",
            "err": {},
            "isRoot": false,
            "uuid": "528e00ca-4459-4afb-81fc-5df5202acc1e",
            "isHook": true,
            "skipped": false
          },
          {
            "title": "\"before each\" hook: Before",
            "fullTitle": "Studwork \"before each\" hook: Before",
            "timedOut": false,
            "duration": 989,
            "pass": false,
            "fail": false,
            "pending": false,
            "code": "I.amOnPage('/');\nI.waitForVisible('//div[@class=\"phone\"]', c.TIMEOUT);",
            "err": {},
            "isRoot": false,
            "uuid": "d87a2a3e-f1ac-4b01-8a0f-73dbb5cd7b26",
            "isHook": true,
            "skipped": false
          }
        ],
        "afterHooks": [
          {
            "title": "\"after all\" hook: codeceptjs.afterSuite",
            "fullTitle": "Studwork \"after all\" hook: codeceptjs.afterSuite",
            "timedOut": false,
            "duration": 0,
            "pass": false,
            "fail": false,
            "pending": false,
            "code": "scenario.suiteTeardown(suite)",
            "err": {},
            "isRoot": false,
            "uuid": "0a2403df-688a-49df-a35b-90c93b05e7fc",
            "isHook": true,
            "skipped": false
          },
          {
            "title": "\"after each\" hook: finalize codeceptjs",
            "fullTitle": "Studwork \"after each\" hook: finalize codeceptjs",
            "timedOut": false,
            "duration": 52,
            "pass": false,
            "fail": false,
            "pending": false,
            "code": "scenario.teardown(suite)",
            "err": {},
            "isRoot": false,
            "uuid": "ed8769a3-42ca-43d2-b006-07dd96657df9",
            "isHook": true,
            "skipped": false
          }
        ],
        "tests": [
          {
            "title": "SwPhone component is available",
            "fullTitle": "Studwork: SwPhone component is available",
            "timedOut": false,
            "duration": 94,
            "state": "passed",
            "speed": "slow",
            "pass": true,
            "fail": false,
            "pending": false,
            "code": "I.waitForVisible('//input[@placeholder=\"Номер телефона\"]', c.TIMEOUT);\nI.waitForText('номер не указан', c.TIMEOUT, '//div[@class=\"phone__print\"]');",
            "err": {},
            "isRoot": false,
            "uuid": "962f3fee-ec8e-48d5-bfe1-09d8e3d26700",
            "isHook": false,
            "skipped": false
          },
          {
            "title": "User can enter Russian phone number",
            "fullTitle": "Studwork: User can enter Russian phone number",
            "timedOut": false,
            "duration": 371,
            "state": "passed",
            "speed": "slow",
            "pass": true,
            "fail": false,
            "pending": false,
            "code": "SwPhone.selectCountry(testData.country);\nSwPhone.enterPhoneNumber('//input[@class=\"sw-phone-number__input\"]', testData.phoneNumber);\nI.waitForText(testData.countryCode + ` ` + testData.phoneNumber, c.TIMEOUT, '//div[@class=\"phone__print\"]');",
            "err": {},
            "isRoot": false,
            "uuid": "27a9c3aa-4444-418b-8f6d-9729e464e6fb",
            "isHook": false,
            "skipped": false
          },
          {
            "title": "User can change the country and change to original with filled phone number",
            "fullTitle": "Studwork: User can change the country and change to original with filled phone number",
            "timedOut": false,
            "duration": 733,
            "state": "passed",
            "speed": "slow",
            "pass": true,
            "fail": false,
            "pending": false,
            "code": "SwPhone.selectCountry(testData.country);\nSwPhone.enterPhoneNumber('//input[@class=\"sw-phone-number__input\"]', testData.phoneNumber);\nI.waitForText(testData.countryCode + ` ` + testData.phoneNumber, c.TIMEOUT, '//div[@class=\"phone__print\"]');\nSwPhone.selectCountry(\"Беларусь\");\nSwPhone.selectCountry(testData.country);\nI.waitForText(testData.countryCode + ` ` + testData.phoneNumber, c.TIMEOUT, '//div[@class=\"phone__print\"]');",
            "err": {},
            "isRoot": false,
            "uuid": "1b68b50d-dedf-4054-aa97-d49f5ad8a8a8",
            "isHook": false,
            "skipped": false
          }
        ],
        "suites": [],
        "passes": [
          "962f3fee-ec8e-48d5-bfe1-09d8e3d26700",
          "27a9c3aa-4444-418b-8f6d-9729e464e6fb",
          "1b68b50d-dedf-4054-aa97-d49f5ad8a8a8"
        ],
        "failures": [],
        "pending": [],
        "skipped": [],
        "duration": 1198,
        "root": false,
        "rootEmpty": false,
        "_timeout": 0
      }
    ],
    "passes": [],
    "failures": [],
    "pending": [],
    "skipped": [],
    "duration": 0,
    "root": true,
    "rootEmpty": true,
    "_timeout": 0
  },
  "copyrightYear": 2019
}